<?xml version="1.0" encoding="UTF-8"?>
<!-- Generated by org.testng.reporters.JUnitReportReporter -->
<testsuite hostname="LT-IND-56" failures="0" tests="3" name="com.kosmos.test.LoginTest" time="63.355" errors="0" timestamp="2021-03-09T20:07:23 IST" skipped="0">
  <testcase classname="com.kosmos.test.LoginTest" name="applicationLaunchedSuccessfully" time="13.570"/>
  <system-out/>
  <testcase classname="com.kosmos.test.LoginTest" name="checkNumberOfLanguageDropDownElement" time="4.133"/>
  <system-out/>
  <testcase classname="com.kosmos.test.LoginTest" name="validateLabelChangeOfContinueButton" time="45.652"/>
  <system-out/>
</testsuite> <!-- com.kosmos.test.LoginTest -->
