<?xml version="1.0" encoding="UTF-8"?>
<!-- Generated by org.testng.reporters.JUnitReportReporter -->
<testsuite hostname="LT-IND-56" failures="0" tests="1" name="com.kosmos.test.CreateParentAccountTest" time="33.037" errors="0" timestamp="2021-03-09T20:07:23 IST" skipped="0">
  <testcase classname="com.kosmos.test.CreateParentAccountTest" name="createParentAccount" time="33.037"/>
  <system-out/>
</testsuite> <!-- com.kosmos.test.CreateParentAccountTest -->
